Using pre-set license
Built from '2021.3/staging' branch; Version is '2021.3.13f1 (9e7d58001ecf) revision 10386776'; Using compiler version '192829333'; Build Type 'Release'
OS: 'Windows 11  (10.0.22000) 64bit Professional' Language: 'es' Physical Memory: 16125 MB
BatchMode: 1, IsHumanControllingUs: 0, StartBugReporterOnCrash: 0, Is64bit: 1, IsPro: 1

COMMAND LINE ARGUMENTS:
C:\Program Files\Unity\Hub\Editor\2021.3.13f1\Editor\Unity.exe
-adb2
-batchMode
-noUpm
-name
AssetImportWorker0
-projectPath
C:/Users/DIEGO/Desktop/unity bruja/unity-bruja/bruja habitacion
-logFile
Logs/AssetImportWorker0.log
-srvPort
51257
Successfully changed project path to: C:/Users/DIEGO/Desktop/unity bruja/unity-bruja/bruja habitacion
C:/Users/DIEGO/Desktop/unity bruja/unity-bruja/bruja habitacion
[UnityMemory] Configuration Parameters - Can be set up in boot.config
    "memorysetup-bucket-allocator-granularity=16"
    "memorysetup-bucket-allocator-bucket-count=8"
    "memorysetup-bucket-allocator-block-size=33554432"
    "memorysetup-bucket-allocator-block-count=8"
    "memorysetup-main-allocator-block-size=16777216"
    "memorysetup-thread-allocator-block-size=16777216"
    "memorysetup-gfx-main-allocator-block-size=16777216"
    "memorysetup-gfx-thread-allocator-block-size=16777216"
    "memorysetup-cache-allocator-block-size=4194304"
    "memorysetup-typetree-allocator-block-size=2097152"
    "memorysetup-profiler-bucket-allocator-granularity=16"
    "memorysetup-profiler-bucket-allocator-bucket-count=8"
    "memorysetup-profiler-bucket-allocator-block-size=33554432"
    "memorysetup-profiler-bucket-allocator-block-count=8"
    "memorysetup-profiler-allocator-block-size=16777216"
    "memorysetup-profiler-editor-allocator-block-size=1048576"
    "memorysetup-temp-allocator-size-main=16777216"
    "memorysetup-job-temp-allocator-block-size=2097152"
    "memorysetup-job-temp-allocator-block-size-background=1048576"
    "memorysetup-job-temp-allocator-reduction-small-platforms=262144"
    "memorysetup-temp-allocator-size-background-worker=32768"
    "memorysetup-temp-allocator-size-job-worker=262144"
    "memorysetup-temp-allocator-size-preload-manager=33554432"
    "memorysetup-temp-allocator-size-nav-mesh-worker=65536"
    "memorysetup-temp-allocator-size-audio-worker=65536"
    "memorysetup-temp-allocator-size-cloud-worker=32768"
    "memorysetup-temp-allocator-size-gi-baking-worker=262144"
    "memorysetup-temp-allocator-size-gfx=262144"
Refreshing native plugins compatible for Editor in 47.26 ms, found 3 plugins.
Preloading 0 native plugins for Editor in 0.00 ms.
Initialize engine version: 2021.3.13f1 (9e7d58001ecf)
[Subsystems] Discovering subsystems at path C:/Program Files/Unity/Hub/Editor/2021.3.13f1/Editor/Data/Resources/UnitySubsystems
[Subsystems] Discovering subsystems at path C:/Users/DIEGO/Desktop/unity bruja/unity-bruja/bruja habitacion/Assets
GfxDevice: creating device client; threaded=0; jobified=0
Direct3D:
    Version:  Direct3D 11.0 [level 11.1]
    Renderer: NVIDIA GeForce RTX 3050 (ID=0x2507)
    Vendor:   NVIDIA
    VRAM:     8070 MB
    Driver:   30.0.15.1277
Initialize mono
Mono path[0] = 'C:/Program Files/Unity/Hub/Editor/2021.3.13f1/Editor/Data/Managed'
Mono path[1] = 'C:/Program Files/Unity/Hub/Editor/2021.3.13f1/Editor/Data/MonoBleedingEdge/lib/mono/unityjit-win32'
Mono config path = 'C:/Program Files/Unity/Hub/Editor/2021.3.13f1/Editor/Data/MonoBleedingEdge/etc'
Using monoOptions --debugger-agent=transport=dt_socket,embedding=1,server=y,suspend=n,address=127.0.0.1:56224
Begin MonoManager ReloadAssembly
Registering precompiled unity dll's ...
Register platform support module: C:/Program Files/Unity/Hub/Editor/2021.3.13f1/Editor/Data/PlaybackEngines/AndroidPlayer/UnityEditor.Android.Extensions.dll
Register platform support module: C:/Program Files/Unity/Hub/Editor/2021.3.13f1/Editor/Data/PlaybackEngines/WindowsStandaloneSupport/UnityEditor.WindowsStandalone.Extensions.dll
Registered in 0.003283 seconds.
Native extension for WindowsStandalone target not found
Native extension for Android target not found
Refreshing native plugins compatible for Editor in 55.40 ms, found 3 plugins.
Preloading 0 native plugins for Editor in 0.00 ms.
Mono: successfully reloaded assembly
- Completed reload, in  0.428 seconds
Domain Reload Profiling:
	ReloadAssembly (428ms)
		BeginReloadAssembly (45ms)
			ExecutionOrderSort (0ms)
			DisableScriptedObjects (0ms)
			BackupInstance (0ms)
			ReleaseScriptingObjects (0ms)
			CreateAndSetChildDomain (0ms)
		EndReloadAssembly (318ms)
			LoadAssemblies (44ms)
			RebuildTransferFunctionScriptingTraits (0ms)
			SetupTypeCache (68ms)
			ReleaseScriptCaches (0ms)
			RebuildScriptCaches (17ms)
			SetupLoadedEditorAssemblies (203ms)
				LogAssemblyErrors (0ms)
				InitializePlatformSupportModulesInManaged (42ms)
				SetLoadedEditorAssemblies (0ms)
				RefreshPlugins (55ms)
				BeforeProcessingInitializeOnLoad (1ms)
				ProcessInitializeOnLoadAttributes (71ms)
				ProcessInitializeOnLoadMethodAttributes (34ms)
				AfterProcessingInitializeOnLoad (0ms)
				EditorAssembliesLoaded (0ms)
			ExecutionOrderSort2 (0ms)
			AwakeInstancesAfterBackupRestoration (0ms)
Platform modules already initialized, skipping
Registering precompiled user dll's ...
Registered in 0.003590 seconds.
Begin MonoManager ReloadAssembly
Symbol file LoadedFromMemory doesn't match image C:\Users\DIEGO\Desktop\unity bruja\unity-bruja\bruja habitacion\Library\PackageCache\com.unity.visualscripting@1.7.8\Editor\VisualScripting.Core\Dependencies\YamlDotNet\Unity.VisualScripting.YamlDotNet.dll
Symbol file LoadedFromMemory doesn't match image C:\Users\DIEGO\Desktop\unity bruja\unity-bruja\bruja habitacion\Library\PackageCache\com.unity.visualscripting@1.7.8\Editor\VisualScripting.Core\Dependencies\DotNetZip\Unity.VisualScripting.IonicZip.dll
Native extension for WindowsStandalone target not found
Native extension for Android target not found
Refreshing native plugins compatible for Editor in 0.41 ms, found 3 plugins.
Preloading 0 native plugins for Editor in 0.00 ms.
Mono: successfully reloaded assembly
- Completed reload, in  0.787 seconds
Domain Reload Profiling:
	ReloadAssembly (788ms)
		BeginReloadAssembly (190ms)
			ExecutionOrderSort (0ms)
			DisableScriptedObjects (3ms)
			BackupInstance (0ms)
			ReleaseScriptingObjects (0ms)
			CreateAndSetChildDomain (130ms)
		EndReloadAssembly (524ms)
			LoadAssemblies (53ms)
			RebuildTransferFunctionScriptingTraits (0ms)
			SetupTypeCache (164ms)
			ReleaseScriptCaches (0ms)
			RebuildScriptCaches (34ms)
			SetupLoadedEditorAssemblies (247ms)
				LogAssemblyErrors (0ms)
				InitializePlatformSupportModulesInManaged (10ms)
				SetLoadedEditorAssemblies (0ms)
				RefreshPlugins (0ms)
				BeforeProcessingInitializeOnLoad (55ms)
				ProcessInitializeOnLoadAttributes (157ms)
				ProcessInitializeOnLoadMethodAttributes (21ms)
				AfterProcessingInitializeOnLoad (3ms)
				EditorAssembliesLoaded (0ms)
			ExecutionOrderSort2 (0ms)
			AwakeInstancesAfterBackupRestoration (4ms)
Platform modules already initialized, skipping
========================================================================
Worker process is ready to serve import requests
Launched and connected shader compiler UnityShaderCompiler.exe after 0.04 seconds
Refreshing native plugins compatible for Editor in 0.39 ms, found 3 plugins.
Preloading 0 native plugins for Editor in 0.00 ms.
Unloading 3349 Unused Serialized files (Serialized files now loaded: 0)
Unloading 27 unused Assets / (113.4 KB). Loaded Objects now: 3808.
Memory consumption went from 115.3 MB to 115.2 MB.
Total: 2.222500 ms (FindLiveObjects: 0.169700 ms CreateObjectMapping: 0.076800 ms MarkObjects: 1.899200 ms  DeleteObjects: 0.075900 ms)

AssetImportParameters requested are different than current active one (requested -> active):
  custom:video-decoder-ogg-theora: a1e56fd34408186e4bbccfd4996cb3dc -> 
  custom:container-muxer-webm: aa71ff27fc2769a1b78a27578f13a17b -> 
  custom:container-demuxer-webm: 4f35f7cbe854078d1ac9338744f61a02 -> 
  custom:video-encoder-webm-vp8: eb34c28f22e8b96e1ab97ce403110664 -> 
  custom:audio-encoder-webm-vorbis: bf7c407c2cedff20999df2af8eb42d56 -> 
  custom:framework-win-MediaFoundation: 216162199b28c13a410421893ffa2e32 -> 
  custom:container-demuxer-ogg: 62fdf1f143b41e24485cea50d1cbac27 -> 
  custom:video-decoder-webm-vp8: 9c59270c3fd7afecdb556c50c9e8de78 -> 
  custom:audio-decoder-ogg-vorbis: bf7c407c2cedff20999df2af8eb42d56 -> 
========================================================================
Received Import Request.
  Time since last request: 6922.596044 seconds.
  path: Assets
  artifactKey: Guid(00000000000000001000000000000000) Importer(815301076,1909f56bfc062723c751e8b465ee728b)
Start importing Assets using Guid(00000000000000001000000000000000) Importer(815301076,1909f56bfc062723c751e8b465ee728b)  -> (artifact id: '79842766b460edbeab6a34051e857a80') in 0.008529 seconds 
========================================================================
Received Import Request.
  Time since last request: 6.697095 seconds.
  path: Assets/material suelo.mat
  artifactKey: Guid(366bf6a489f03fa478061dd17fa2764e) Importer(815301076,1909f56bfc062723c751e8b465ee728b)
Start importing Assets/material suelo.mat using Guid(366bf6a489f03fa478061dd17fa2764e) Importer(815301076,1909f56bfc062723c751e8b465ee728b)  -> (artifact id: '927aa0cfef2afd706717744761bca0e7') in 0.196735 seconds 
========================================================================
Received Import Request.
  Time since last request: 33.275857 seconds.
  path: Assets/material suelo.mat
  artifactKey: Guid(366bf6a489f03fa478061dd17fa2764e) Importer(815301076,1909f56bfc062723c751e8b465ee728b)
Start importing Assets/material suelo.mat using Guid(366bf6a489f03fa478061dd17fa2764e) Importer(815301076,1909f56bfc062723c751e8b465ee728b)  -> (artifact id: '48bed5661d6b7fc90cc78fce8fee27fd') in 0.006399 seconds 
========================================================================
Received Import Request.
  Time since last request: 1183.795651 seconds.
  path: Assets/pocima.mat
  artifactKey: Guid(e8e8067bf33607d43bc98d0fdcd58d8a) Importer(815301076,1909f56bfc062723c751e8b465ee728b)
Start importing Assets/pocima.mat using Guid(e8e8067bf33607d43bc98d0fdcd58d8a) Importer(815301076,1909f56bfc062723c751e8b465ee728b)  -> (artifact id: 'beb18581724210413f7387edbed39559') in 0.055390 seconds 
========================================================================
Received Import Request.
  Time since last request: 2.134023 seconds.
  path: Assets/pocima 1.mat
  artifactKey: Guid(4e8dba5b439010d4db404070e0f92469) Importer(815301076,1909f56bfc062723c751e8b465ee728b)
Start importing Assets/pocima 1.mat using Guid(4e8dba5b439010d4db404070e0f92469) Importer(815301076,1909f56bfc062723c751e8b465ee728b)  -> (artifact id: 'a03961559ba23256fdf3f0430e08ac26') in 0.030853 seconds 
========================================================================
Received Import Request.
  Time since last request: 0.340448 seconds.
  path: Assets/pocima 2.mat
  artifactKey: Guid(5e230cdf6a47ddb4e8ddb854bf9a6ed9) Importer(815301076,1909f56bfc062723c751e8b465ee728b)
Start importing Assets/pocima 2.mat using Guid(5e230cdf6a47ddb4e8ddb854bf9a6ed9) Importer(815301076,1909f56bfc062723c751e8b465ee728b)  -> (artifact id: '57879b5da3e17e59b12335039d8d1ec6') in 0.034971 seconds 
========================================================================
Received Import Request.
  Time since last request: 0.355644 seconds.
  path: Assets/pocima 3.mat
  artifactKey: Guid(e6c1bc9bd05a6494e9e236314b9e5d48) Importer(815301076,1909f56bfc062723c751e8b465ee728b)
Start importing Assets/pocima 3.mat using Guid(e6c1bc9bd05a6494e9e236314b9e5d48) Importer(815301076,1909f56bfc062723c751e8b465ee728b)  -> (artifact id: '1555217a18e1fed1c6f79df479ee72d6') in 0.030948 seconds 
========================================================================
Received Import Request.
  Time since last request: 7.322160 seconds.
  path: Assets/burbujas.mat
  artifactKey: Guid(4e8dba5b439010d4db404070e0f92469) Importer(815301076,1909f56bfc062723c751e8b465ee728b)
Start importing Assets/burbujas.mat using Guid(4e8dba5b439010d4db404070e0f92469) Importer(815301076,1909f56bfc062723c751e8b465ee728b)  -> (artifact id: 'b6671e23f92863590630de7c596a5254') in 0.020766 seconds 
========================================================================
Received Import Request.
  Time since last request: 9.831385 seconds.
  path: Assets/fuego.mat
  artifactKey: Guid(5e230cdf6a47ddb4e8ddb854bf9a6ed9) Importer(815301076,1909f56bfc062723c751e8b465ee728b)
Start importing Assets/fuego.mat using Guid(5e230cdf6a47ddb4e8ddb854bf9a6ed9) Importer(815301076,1909f56bfc062723c751e8b465ee728b)  -> (artifact id: '45b893fb65d52ad0e76946b4d9b19145') in 0.006287 seconds 
========================================================================
Received Import Request.
  Time since last request: 88.679774 seconds.
  path: Assets/pocima 1.mat
  artifactKey: Guid(5e230cdf6a47ddb4e8ddb854bf9a6ed9) Importer(815301076,1909f56bfc062723c751e8b465ee728b)
Start importing Assets/pocima 1.mat using Guid(5e230cdf6a47ddb4e8ddb854bf9a6ed9) Importer(815301076,1909f56bfc062723c751e8b465ee728b)  -> (artifact id: 'c7a660496141082fad73ffb6f97c5324') in 0.057651 seconds 
========================================================================
Received Import Request.
  Time since last request: 6.962459 seconds.
  path: Assets/fuego.mat
  artifactKey: Guid(e6c1bc9bd05a6494e9e236314b9e5d48) Importer(815301076,1909f56bfc062723c751e8b465ee728b)
Start importing Assets/fuego.mat using Guid(e6c1bc9bd05a6494e9e236314b9e5d48) Importer(815301076,1909f56bfc062723c751e8b465ee728b)  -> (artifact id: 'e2ff8f5ad57b4ad7451e65f6d33bfa78') in 0.006358 seconds 
========================================================================
Received Import Request.
  Time since last request: 192.352070 seconds.
  path: Assets/burbujas.mat
  artifactKey: Guid(e8e8067bf33607d43bc98d0fdcd58d8a) Importer(815301076,1909f56bfc062723c751e8b465ee728b)
Start importing Assets/burbujas.mat using Guid(e8e8067bf33607d43bc98d0fdcd58d8a) Importer(815301076,1909f56bfc062723c751e8b465ee728b)  -> (artifact id: '86296a5184339c2c035c29b699065161') in 0.006620 seconds 
========================================================================
Received Import Request.
  Time since last request: 14.266925 seconds.
  path: Assets/bola cristal.mat
  artifactKey: Guid(307f925a257ce4c4894a57ef27aaedc7) Importer(815301076,1909f56bfc062723c751e8b465ee728b)
Start importing Assets/bola cristal.mat using Guid(307f925a257ce4c4894a57ef27aaedc7) Importer(815301076,1909f56bfc062723c751e8b465ee728b)  -> (artifact id: '8ef1c38b98e29b5bd6c56a066c822b09') in 0.043057 seconds 
========================================================================
Received Import Request.
  Time since last request: 108.547084 seconds.
  path: Assets/bola cristal 1.mat
  artifactKey: Guid(ed75a54d683ef7e4c88d9c19b69ef7a3) Importer(815301076,1909f56bfc062723c751e8b465ee728b)
Start importing Assets/bola cristal 1.mat using Guid(ed75a54d683ef7e4c88d9c19b69ef7a3) Importer(815301076,1909f56bfc062723c751e8b465ee728b)  -> (artifact id: '32c3f7392d4588bcfc9af9ff8f2f6afa') in 0.033343 seconds 
========================================================================
Received Import Request.
  Time since last request: 0.000026 seconds.
  path: Assets/fuego.mat
  artifactKey: Guid(e6c1bc9bd05a6494e9e236314b9e5d48) Importer(815301076,1909f56bfc062723c751e8b465ee728b)
Start importing Assets/fuego.mat using Guid(e6c1bc9bd05a6494e9e236314b9e5d48) Importer(815301076,1909f56bfc062723c751e8b465ee728b)  -> (artifact id: '4357b58fa2c4bdd843774c1e01b527a1') in 0.006710 seconds 
========================================================================
Received Import Request.
  Time since last request: 7.247007 seconds.
  path: Assets/pocima 2.mat
  artifactKey: Guid(ed75a54d683ef7e4c88d9c19b69ef7a3) Importer(815301076,1909f56bfc062723c751e8b465ee728b)
Start importing Assets/pocima 2.mat using Guid(ed75a54d683ef7e4c88d9c19b69ef7a3) Importer(815301076,1909f56bfc062723c751e8b465ee728b)  -> (artifact id: 'f7a5ed17cd42598ca23a97010f5e5b50') in 0.005675 seconds 
========================================================================
Received Import Request.
  Time since last request: 50.684788 seconds.
  path: Assets/pocima 2.mat
  artifactKey: Guid(ed75a54d683ef7e4c88d9c19b69ef7a3) Importer(815301076,1909f56bfc062723c751e8b465ee728b)
Start importing Assets/pocima 2.mat using Guid(ed75a54d683ef7e4c88d9c19b69ef7a3) Importer(815301076,1909f56bfc062723c751e8b465ee728b)  -> (artifact id: '5e6528a38d77ca11041052f198f3e53e') in 0.061057 seconds 
========================================================================
Received Import Request.
  Time since last request: 126.144819 seconds.
  path: Assets/pocima 2.mat
  artifactKey: Guid(ed75a54d683ef7e4c88d9c19b69ef7a3) Importer(815301076,1909f56bfc062723c751e8b465ee728b)
Start importing Assets/pocima 2.mat using Guid(ed75a54d683ef7e4c88d9c19b69ef7a3) Importer(815301076,1909f56bfc062723c751e8b465ee728b)  -> (artifact id: 'c20bcdfdfefa83edf9f8e1ae64583699') in 0.033477 seconds 
========================================================================
Received Import Request.
  Time since last request: 0.000023 seconds.
  path: Assets/pocima 4.mat
  artifactKey: Guid(ff4223340d13c5d4e9d7e476a35e0cc3) Importer(815301076,1909f56bfc062723c751e8b465ee728b)
Start importing Assets/pocima 4.mat using Guid(ff4223340d13c5d4e9d7e476a35e0cc3) Importer(815301076,1909f56bfc062723c751e8b465ee728b)  -> (artifact id: '27bdefaae1c85efc6ba557e40adb1fd4') in 0.050242 seconds 
========================================================================
Received Import Request.
  Time since last request: 136.132652 seconds.
  path: Assets/pocima 4.mat
  artifactKey: Guid(ff4223340d13c5d4e9d7e476a35e0cc3) Importer(815301076,1909f56bfc062723c751e8b465ee728b)
Start importing Assets/pocima 4.mat using Guid(ff4223340d13c5d4e9d7e476a35e0cc3) Importer(815301076,1909f56bfc062723c751e8b465ee728b)  -> (artifact id: '30b0ed515ebd2188c45effe0991c86e6') in 0.009647 seconds 
